<?xml version="1.0" encoding="UTF-8"?>
<testng-results ignored="0" total="1" passed="1" failed="0" skipped="0">
  <reporter-output>
  </reporter-output>
  <suite started-at="2024-03-01T14:48:22 IST" name="Default suite" finished-at="2024-03-01T14:48:50 IST" duration-ms="27330">
    <groups>
    </groups>
    <test started-at="2024-03-01T14:48:22 IST" name="Default test" finished-at="2024-03-01T14:48:50 IST" duration-ms="27330">
      <class name="testCases.RegistrationTestCase">
        <test-method is-config="true" signature="setUP()[pri:0, instance:testCases.RegistrationTestCase@489115ef]" started-at="2024-03-01T14:48:22 IST" name="setUP" finished-at="2024-03-01T14:48:29 IST" duration-ms="6515" status="PASS">
          <reporter-output>
          </reporter-output>
        </test-method> <!-- setUP -->
        <test-method signature="register()[pri:1, instance:testCases.RegistrationTestCase@489115ef]" started-at="2024-03-01T14:48:29 IST" name="register" finished-at="2024-03-01T14:48:49 IST" duration-ms="20384" status="PASS">
          <reporter-output>
          </reporter-output>
        </test-method> <!-- register -->
        <test-method is-config="true" signature="tearDown()[pri:0, instance:testCases.RegistrationTestCase@489115ef]" started-at="2024-03-01T14:48:49 IST" name="tearDown" finished-at="2024-03-01T14:48:50 IST" duration-ms="381" status="PASS">
          <reporter-output>
          </reporter-output>
        </test-method> <!-- tearDown -->
      </class> <!-- testCases.RegistrationTestCase -->
    </test> <!-- Default test -->
  </suite> <!-- Default suite -->
</testng-results>
